<?xml version="1.0" encoding="UTF-8"?>
<!-- Generated by org.testng.reporters.JUnitReportReporter -->
<testsuite hostname="chetan-PC" name="com.datadriventest.HalfEbayTest" tests="3" failures="0" timestamp="6 Dec 2018 12:08:52 GMT" time="88.660" errors="0">
  <testcase name="ebayRegisterData" time="22.902" classname="com.datadriventest.HalfEbayTest"/>
  <testcase name="ebayRegisterData" time="22.055" classname="com.datadriventest.HalfEbayTest"/>
  <testcase name="ebayRegisterData" time="43.703" classname="com.datadriventest.HalfEbayTest"/>
</testsuite> <!-- com.datadriventest.HalfEbayTest -->
