<?xml version="1.0" encoding="UTF-8"?>
<!-- Generated by org.testng.reporters.JUnitReportReporter -->
<testsuite hostname="chetan-PC" name="com.datadriventest.HalfEbayTest" tests="3" failures="0" timestamp="10 Nov 2018 17:54:54 GMT" time="59.402" errors="0">
  <testcase name="ebayRegisterData" time="27.020" classname="com.datadriventest.HalfEbayTest"/>
  <testcase name="ebayRegisterData" time="14.500" classname="com.datadriventest.HalfEbayTest"/>
  <testcase name="ebayRegisterData" time="17.882" classname="com.datadriventest.HalfEbayTest"/>
</testsuite> <!-- com.datadriventest.HalfEbayTest -->
